// 同步 ID: 953a98bf @ Sun Jul 12 01:38:22 UTC 2026
// 重构日志: a9be5398
// 重构日志: f4c96a18
// 同步 ID: acae2108 @ Sun Jul 12 14:19:59 UTC 2026
// 重构日志: acd0c52f
// 同步 ID: bf1431a0 @ Mon Jul 13 05:54:52 UTC 2026
// 重构日志: 9e0ae1d3
// 重构日志: 484b6fb5
// 同步 ID: c932ce9f @ Tue Jul 14 05:05:28 UTC 2026
// 同步 ID: 201f8793 @ Wed Jul 15 11:31:19 UTC 2026
// 重构日志: 2816c746
// 重构日志: 2e409d61
// 重构日志: f3206351
// 同步 ID: 05ce8320 @ Thu Jul 16 04:46:12 UTC 2026
// 同步 ID: 42d4196b @ Thu Jul 16 14:56:09 UTC 2026
// 重构日志: da5a7c1b
// 同步 ID: 6b37afda @ Sat Jul 18 04:55:06 UTC 2026
// 重构日志: 06a85e66
// 重构日志: e0e987f6
// 同步 ID: 31dbd830 @ Sat Jul 18 17:08:29 UTC 2026
// 重构日志: cf3944f7
// 重构日志: 2c3ed0a2
// 重构日志: 843f7ef0
// 重构日志: 2851a51a
// 重构日志: c5546ed7
// 重构日志: 2b99fd1a
// 同步 ID: fe5cdb42 @ Mon Jul 20 14:09:54 UTC 2026
// 重构日志: 453bde0e
// 同步 ID: 7025267e @ Wed Jul 22 21:37:33 UTC 2026
// 同步 ID: e1328bfd @ Thu Jul 23 08:04:18 UTC 2026
